2023-04-17 11:44:19,740 ERROR [com.totvs.technology.ecm.services.dataset.DatasetRest] (default task-75) Erro ao obter o dataset: visitas_crm.: java.lang.NullPointerException
at deployment.fluig-server.ear.ecm-web.war//com.totvs.technology.ecm.services.dataset.DatasetRest.datasets(DatasetRest.java:516)
at deployment.fluig-server.ear.ecm-web.war//com.totvs.technology.ecm.services.dataset.DatasetRest$Proxy$_$$_WeldClientProxy.datasets(Unknown Source)
at java.base/jdk.internal.reflect.NativeMethodAccessorImpl.invoke0(Native Method)
at java.base/jdk.internal.reflect.NativeMethodAccessorImpl.invoke(NativeMethodAccessorImpl.java:62)
at java.base/jdk.internal.reflect.DelegatingMethodAccessorImpl.invoke(DelegatingMethodAccessorImpl.java:43)
at java.base/java.lang.reflect.Method.invoke(Method.java:566)
at org.jboss.resteasy.resteasy-jaxrs@3.9.1.Final//org.jboss.resteasy.core.MethodInjectorImpl.invoke(MethodInjectorImpl.java:138)
at org.jboss.resteasy.resteasy-jaxrs@3.9.1.Final//org.jboss.resteasy.core.ResourceMethodInvoker.internalInvokeOnTarget(ResourceMethodInvoker.java:517)
at org.jboss.resteasy.resteasy-jaxrs@3.9.1.Final//org.jboss.resteasy.core.ResourceMethodInvoker.invokeOnTargetAfterFilter(ResourceMethodInvoker.java:406)
at org.jboss.resteasy.resteasy-jaxrs@3.9.1.Final//org.jboss.resteasy.core.ResourceMethodInvoker.lambda$invokeOnTarget$0(ResourceMethodInvoker.java:370)
at org.jboss.resteasy.resteasy-jaxrs@3.9.1.Final//org.jboss.resteasy.core.interception.PreMatchContainerRequestContext.filter(PreMatchContainerRequestContext.java:356)
at org.jboss.resteasy.resteasy-jaxrs@3.9.1.Final//org.jboss.resteasy.core.ResourceMethodInvoker.invokeOnTarget(ResourceMethodInvoker.java:372)
at org.jboss.resteasy.resteasy-jaxrs@3.9.1.Final//org.jboss.resteasy.core.ResourceMethodInvoker.invoke(ResourceMethodInvoker.java:344)
at org.jboss.resteasy.resteasy-jaxrs@3.9.1.Final//org.jboss.resteasy.core.ResourceMethodInvoker.invoke(ResourceMethodInvoker.java:317)
at org.jboss.resteasy.resteasy-jaxrs@3.9.1.Final//org.jboss.resteasy.core.SynchronousDispatcher.invoke(SynchronousDispatcher.java:440)
at org.jboss.resteasy.resteasy-jaxrs@3.9.1.Final//org.jboss.resteasy.core.SynchronousDispatcher.lambda$invoke$4(SynchronousDispatcher.java:229)
at org.jboss.resteasy.resteasy-jaxrs@3.9.1.Final//org.jboss.resteasy.core.SynchronousDispatcher.lambda$preprocess$0(SynchronousDispatcher.java:135)
at org.jboss.resteasy.resteasy-jaxrs@3.9.1.Final//org.jboss.resteasy.core.interception.PreMatchContainerRequestContext.filter(PreMatchContainerRequestContext.java:356)
at org.jboss.resteasy.resteasy-jaxrs@3.9.1.Final//org.jboss.resteasy.core.SynchronousDispatcher.preprocess(SynchronousDispatcher.java:138)
at org.jboss.resteasy.resteasy-jaxrs@3.9.1.Final//org.jboss.resteasy.core.SynchronousDispatcher.invoke(SynchronousDispatcher.java:215)
at org.jboss.resteasy.resteasy-jaxrs@3.9.1.Final//org.jboss.resteasy.plugins.server.servlet.ServletContainerDispatcher.service(ServletContainerDispatcher.java:227)
at org.jboss.resteasy.resteasy-jaxrs@3.9.1.Final//org.jboss.resteasy.plugins.server.servlet.HttpServletDispatcher.service(HttpServletDispatcher.java:56)
at org.jboss.resteasy.resteasy-jaxrs@3.9.1.Final//org.jboss.resteasy.plugins.server.servlet.HttpServletDispatcher.service(HttpServletDispatcher.java:51)
at javax.servlet.api@2.0.0.Final//javax.servlet.http.HttpServlet.service(HttpServlet.java:590)
at io.undertow.servlet@2.0.27.Final//io.undertow.servlet.handlers.ServletHandler.handleRequest(ServletHandler.java:74)
at io.undertow.servlet@2.0.27.Final//io.undertow.servlet.handlers.FilterHandler$FilterChainImpl.doFilter(FilterHandler.java:129)
at io.opentracing.contrib.opentracing-jaxrs2//io.opentracing.contrib.jaxrs2.server.SpanFinishingFilter.doFilter(SpanFinishingFilter.java:52)
at io.undertow.servlet@2.0.27.Final//io.undertow.servlet.core.ManagedFilter.doFilter(ManagedFilter.java:61)
at io.undertow.servlet@2.0.27.Final//io.undertow.servlet.handlers.FilterHandler$FilterChainImpl.doFilter(FilterHandler.java:131)
at com.fluig.base//com.totvs.technology.foundation.common.FluigLoginFilter.doFilter(FluigLoginFilter.java:21)
at io.undertow.servlet@2.0.27.Final//io.undertow.servlet.core.ManagedFilter.doFilter(ManagedFilter.java:61)
at io.undertow.servlet@2.0.27.Final//io.undertow.servlet.handlers.FilterHandler$FilterChainImpl.doFilter(FilterHandler.java:131)
at com.fluig.base//com.totvs.technology.foundation.common.FluigLoggingFilter.doFilter(FluigLoggingFilter.java:57)
at io.undertow.servlet@2.0.27.Final//io.undertow.servlet.core.ManagedFilter.doFilter(ManagedFilter.java:61)
at io.undertow.servlet@2.0.27.Final//io.undertow.servlet.handlers.FilterHandler$FilterChainImpl.doFilter(FilterHandler.java:131)
at deployment.fluig-server.ear.ecm-web.war//com.totvs.technology.ecm.filter.ECMPipeline.doFilter(ECMPipeline.java:28)
at io.undertow.servlet@2.0.27.Final//io.undertow.servlet.core.ManagedFilter.doFilter(ManagedFilter.java:61)
at io.undertow.servlet@2.0.27.Final//io.undertow.servlet.handlers.FilterHandler$FilterChainImpl.doFilter(FilterHandler.java:131)
at io.undertow.servlet@2.0.27.Final//io.undertow.servlet.handlers.FilterHandler.handleRequest(FilterHandler.java:84)
at io.undertow.servlet@2.0.27.Final//io.undertow.servlet.handlers.security.ServletSecurityRoleHandler.handleRequest(ServletSecurityRoleHandler.java:62)
at io.undertow.servlet@2.0.27.Final//io.undertow.servlet.handlers.ServletChain$1.handleRequest(ServletChain.java:68)
at io.undertow.servlet@2.0.27.Final//io.undertow.servlet.handlers.ServletDispatchingHandler.handleRequest(ServletDispatchingHandler.java:36)
at org.wildfly.extension.undertow@18.0.1.Final//org.wildfly.extension.undertow.security.SecurityContextAssociationHandler.handleRequest(SecurityContextAssociationHandler.java:78)
at io.undertow.core@2.0.27.Final//io.undertow.server.handlers.PredicateHandler.handleRequest(PredicateHandler.java:43)
at io.undertow.servlet@2.0.27.Final//io.undertow.servlet.handlers.RedirectDirHandler.handleRequest(RedirectDirHandler.java:68)
at io.undertow.servlet@2.0.27.Final//io.undertow.servlet.handlers.security.SSLInformationAssociationHandler.handleRequest(SSLInformationAssociationHandler.java:132)
at io.undertow.servlet@2.0.27.Final//io.undertow.servlet.handlers.security.ServletAuthenticationCallHandler.handleRequest(ServletAuthenticationCallHandler.java:57)
at io.undertow.core@2.0.27.Final//io.undertow.security.handlers.AuthenticationConstraintHandler.handleRequest(AuthenticationConstraintHandler.java:53)
at io.undertow.core@2.0.27.Final//io.undertow.security.handlers.AbstractConfidentialityHandler.handleRequest(AbstractConfidentialityHandler.java:46)
at io.undertow.servlet@2.0.27.Final//io.undertow.servlet.handlers.security.ServletConfidentialityConstraintHandler.handleRequest(ServletConfidentialityConstraintHandler.java:64)
at io.undertow.servlet@2.0.27.Final//io.undertow.servlet.handlers.security.ServletSecurityConstraintHandler.handleRequest(ServletSecurityConstraintHandler.java:59)
at io.undertow.core@2.0.27.Final//io.undertow.security.handlers.AuthenticationMechanismsHandler.handleRequest(AuthenticationMechanismsHandler.java:60)
at io.undertow.servlet@2.0.27.Final//io.undertow.servlet.handlers.security.CachedAuthenticatedSessionHandler.handleRequest(CachedAuthenticatedSessionHandler.java:77)
at io.undertow.core@2.0.27.Final//io.undertow.security.handlers.NotificationReceiverHandler.handleRequest(NotificationReceiverHandler.java:50)
at io.undertow.core@2.0.27.Final//io.undertow.security.handlers.AbstractSecurityContextAssociationHandler.handleRequest(AbstractSecurityContextAssociationHandler.java:43)
at io.undertow.core@2.0.27.Final//io.undertow.server.handlers.PredicateHandler.handleRequest(PredicateHandler.java:43)
at org.wildfly.extension.undertow@18.0.1.Final//org.wildfly.extension.undertow.security.jacc.JACCContextIdHandler.handleRequest(JACCContextIdHandler.java:61)
at io.undertow.core@2.0.27.Final//io.undertow.server.handlers.PredicateHandler.handleRequest(PredicateHandler.java:43)
at org.wildfly.extension.undertow@18.0.1.Final//org.wildfly.extension.undertow.deployment.GlobalRequestControllerHandler.handleRequest(GlobalRequestControllerHandler.java:68)
at io.undertow.core@2.0.27.Final//io.undertow.server.handlers.PredicateHandler.handleRequest(PredicateHandler.java:43)
at io.undertow.servlet@2.0.27.Final//io.undertow.servlet.handlers.ServletInitialHandler.handleFirstRequest(ServletInitialHandler.java:269)
at io.undertow.servlet@2.0.27.Final//io.undertow.servlet.handlers.ServletInitialHandler.access$100(ServletInitialHandler.java:78)
at io.undertow.servlet@2.0.27.Final//io.undertow.servlet.handlers.ServletInitialHandler$2.call(ServletInitialHandler.java:133)
at io.undertow.servlet@2.0.27.Final//io.undertow.servlet.handlers.ServletInitialHandler$2.call(ServletInitialHandler.java:130)
at io.undertow.servlet@2.0.27.Final//io.undertow.servlet.core.ServletRequestContextThreadSetupAction$1.call(ServletRequestContextThreadSetupAction.java:48)
at io.undertow.servlet@2.0.27.Final//io.undertow.servlet.core.ContextClassLoaderSetupAction$1.call(ContextClassLoaderSetupAction.java:43)
at org.wildfly.extension.undertow@18.0.1.Final//org.wildfly.extension.undertow.security.SecurityContextThreadSetupAction.lambda$create$0(SecurityContextThreadSetupAction.java:105)
at org.wildfly.extension.undertow@18.0.1.Final//org.wildfly.extension.undertow.deployment.UndertowDeploymentInfoService$UndertowThreadSetupAction.lambda$create$0(UndertowDeploymentInfoService.java:1504)
at org.wildfly.extension.undertow@18.0.1.Final//org.wildfly.extension.undertow.deployment.UndertowDeploymentInfoService$UndertowThreadSetupAction.lambda$create$0(UndertowDeploymentInfoService.java:1504)
at org.wildfly.extension.undertow@18.0.1.Final//org.wildfly.extension.undertow.deployment.UndertowDeploymentInfoService$UndertowThreadSetupAction.lambda$create$0(UndertowDeploymentInfoService.java:1504)
at org.wildfly.extension.undertow@18.0.1.Final//org.wildfly.extension.undertow.deployment.UndertowDeploymentInfoService$UndertowThreadSetupAction.lambda$create$0(UndertowDeploymentInfoService.java:1504)
at org.wildfly.extension.undertow@18.0.1.Final//org.wildfly.extension.undertow.deployment.UndertowDeploymentInfoService$UndertowThreadSetupAction.lambda$create$0(UndertowDeploymentInfoService.java:1504)
at io.undertow.servlet@2.0.27.Final//io.undertow.servlet.handlers.ServletInitialHandler.dispatchRequest(ServletInitialHandler.java:249)
at io.undertow.servlet@2.0.27.Final//io.undertow.servlet.handlers.ServletInitialHandler.handleRequest(ServletInitialHandler.java:174)
at io.undertow.core@2.0.27.Final//io.undertow.server.handlers.HttpContinueReadHandler.handleRequest(HttpContinueReadHandler.java:65)
at io.undertow.core@2.0.27.Final//io.undertow.server.handlers.PathHandler.handleRequest(PathHandler.java:91)
at org.wildfly.extension.undertow@18.0.1.Final//org.wildfly.extension.undertow.Host$OptionsHandler.handleRequest(Host.java:399)
at io.undertow.core@2.0.27.Final//io.undertow.server.handlers.HttpContinueReadHandler.handleRequest(HttpContinueReadHandler.java:65)
at io.undertow.core@2.0.27.Final//io.undertow.server.handlers.encoding.EncodingHandler.handleRequest(EncodingHandler.java:72)
at io.undertow.core@2.0.27.Final//io.undertow.server.handlers.SetHeaderHandler.handleRequest(SetHeaderHandler.java:90)
at io.undertow.core@2.0.27.Final//io.undertow.server.handlers.PredicateHandler.handleRequest(PredicateHandler.java:43)
at io.undertow.core@2.0.27.Final//io.undertow.server.handlers.SetHeaderHandler.handleRequest(SetHeaderHandler.java:90)
at io.undertow.core@2.0.27.Final//io.undertow.server.handlers.SetHeaderHandler.handleRequest(SetHeaderHandler.java:90)
at io.undertow.core@2.0.27.Final//io.undertow.server.handlers.PredicateHandler.handleRequest(PredicateHandler.java:43)
at io.undertow.core@2.0.27.Final//io.undertow.server.handlers.SetHeaderHandler.handleRequest(SetHeaderHandler.java:90)
at io.undertow.core@2.0.27.Final//io.undertow.server.handlers.SetHeaderHandler.handleRequest(SetHeaderHandler.java:90)
at io.undertow.core@2.0.27.Final//io.undertow.server.handlers.PredicateHandler.handleRequest(PredicateHandler.java:43)
at io.undertow.core@2.0.27.Final//io.undertow.server.handlers.PredicateHandler.handleRequest(PredicateHandler.java:43)
at io.undertow.core@2.0.27.Final//io.undertow.server.handlers.SetHeaderHandler.handleRequest(SetHeaderHandler.java:90)
at com.fluig.monitoring//com.fluig.monitoring.usage.metrics.MetricsHandler.handleRequest(MetricsHandler.java:45)
at io.undertow.core@2.0.27.Final//io.undertow.server.Connectors.executeRootHandler(Connectors.java:376)
at io.undertow.core@2.0.27.Final//io.undertow.server.HttpServerExchange$1.run(HttpServerExchange.java:830)
at org.jboss.threads@2.3.3.Final//org.jboss.threads.ContextClassLoaderSavingRunnable.run(ContextClassLoaderSavingRunnable.java:35)
at org.jboss.threads@2.3.3.Final//org.jboss.threads.EnhancedQueueExecutor.safeRun(EnhancedQueueExecutor.java:1982)
at org.jboss.threads@2.3.3.Final//org.jboss.threads.EnhancedQueueExecutor$ThreadBody.doRunTask(EnhancedQueueExecutor.java:1486)
at org.jboss.threads@2.3.3.Final//org.jboss.threads.EnhancedQueueExecutor$ThreadBody.run(EnhancedQueueExecutor.java:1377)
at java.base/java.lang.Thread.run(Thread.java:834)
